# JRE version: OpenJDK Runtime Environment (8.0_242-b01) (build 1.8.0_242-release-1644-b01)
# Java VM: OpenJDK 64-Bit Server VM (25.242-b01 mixed mode windows-amd64 compressed oops)
Heap:
 PSYoungGen      total 534016K, used 167470K [0x00000000d5580000, 0x00000000fdf00000, 0x0000000100000000)
  eden space 426496K, 35% used [0x00000000d5580000,0x00000000dea6dc00,0x00000000ef600000)
  from space 107520K, 13% used [0x00000000ef600000,0x00000000f049df30,0x00000000f5f00000)
  to   space 106496K, 0% used [0x00000000f7700000,0x00000000f7700000,0x00000000fdf00000)
 ParOldGen       total 334848K, used 211536K [0x0000000080000000, 0x0000000094700000, 0x00000000d5580000)
  object space 334848K, 63% used [0x0000000080000000,0x000000008ce94070,0x0000000094700000)
 Metaspace       used 122818K, capacity 132406K, committed 132556K, reserved 1165312K
  class space    used 15395K, capacity 17078K, committed 17152K, reserved 1048576K
GC Heap History (10 events):
Event: 33396.888 GC heap before
{Heap before GC invocations=111 (full 4):
 PSYoungGen      total 467456K, used 459622K [0x00000000d5580000, 0x00000000fb180000, 0x0000000100000000)
  eden space 361984K, 100% used [0x00000000d5580000,0x00000000eb700000,0x00000000eb700000)
  from space 105472K, 92% used [0x00000000f2a80000,0x00000000f89d9a90,0x00000000f9180000)
  to   space 118272K, 0% used [0x00000000eb700000,0x00000000eb700000,0x00000000f2a80000)
 ParOldGen       total 334848K, used 190270K [0x0000000080000000, 0x0000000094700000, 0x00000000d5580000)
  object space 334848K, 56% used [0x0000000080000000,0x000000008b9cfb48,0x0000000094700000)
 Metaspace       used 122745K, capacity 132208K, committed 132300K, reserved 1165312K
  class space    used 15394K, capacity 17077K, committed 17152K, reserved 1048576K
Event: 33396.914 GC heap after
Heap after GC invocations=111 (full 4):
 PSYoungGen      total 480256K, used 46845K [0x00000000d5580000, 0x00000000fb680000, 0x0000000100000000)
  eden space 361984K, 0% used [0x00000000d5580000,0x00000000d5580000,0x00000000eb700000)
  from space 118272K, 39% used [0x00000000eb700000,0x00000000ee4bf7b8,0x00000000f2a80000)
  to   space 112640K, 0% used [0x00000000f4880000,0x00000000f4880000,0x00000000fb680000)
 ParOldGen       total 334848K, used 190326K [0x0000000080000000, 0x0000000094700000, 0x00000000d5580000)
  object space 334848K, 56% used [0x0000000080000000,0x000000008b9ddb48,0x0000000094700000)
 Metaspace       used 122745K, capacity 132208K, committed 132300K, reserved 1165312K
  class space    used 15394K, capacity 17077K, committed 17152K, reserved 1048576K
}
Event: 33398.852 GC heap before
{Heap before GC invocations=112 (full 4):
 PSYoungGen      total 480256K, used 408829K [0x00000000d5580000, 0x00000000fb680000, 0x0000000100000000)
  eden space 361984K, 100% used [0x00000000d5580000,0x00000000eb700000,0x00000000eb700000)
  from space 118272K, 39% used [0x00000000eb700000,0x00000000ee4bf7b8,0x00000000f2a80000)
  to   space 112640K, 0% used [0x00000000f4880000,0x00000000f4880000,0x00000000fb680000)
 ParOldGen       total 334848K, used 190326K [0x0000000080000000, 0x0000000094700000, 0x00000000d5580000)
  object space 334848K, 56% used [0x0000000080000000,0x000000008b9ddb48,0x0000000094700000)
 Metaspace       used 122757K, capacity 132336K, committed 132556K, reserved 1165312K
  class space    used 15394K, capacity 17077K, committed 17152K, reserved 1048576K
Event: 33398.902 GC heap after
Heap after GC invocations=112 (full 4):
 PSYoungGen      total 506880K, used 26386K [0x00000000d5580000, 0x00000000fb300000, 0x0000000100000000)
  eden space 397824K, 0% used [0x00000000d5580000,0x00000000d5580000,0x00000000eda00000)
  from space 109056K, 24% used [0x00000000f4880000,0x00000000f6244800,0x00000000fb300000)
  to   space 111104K, 0% used [0x00000000eda00000,0x00000000eda00000,0x00000000f4680000)
 ParOldGen       total 334848K, used 211456K [0x0000000080000000, 0x0000000094700000, 0x00000000d5580000)
  object space 334848K, 63% used [0x0000000080000000,0x000000008ce80070,0x0000000094700000)
 Metaspace       used 122757K, capacity 132336K, committed 132556K, reserved 1165312K
  class space    used 15394K, capacity 17077K, committed 17152K, reserved 1048576K
}
Event: 33442.122 GC heap before
{Heap before GC invocations=113 (full 4):
 PSYoungGen      total 506880K, used 424210K [0x00000000d5580000, 0x00000000fb300000, 0x0000000100000000)
  eden space 397824K, 100% used [0x00000000d5580000,0x00000000eda00000,0x00000000eda00000)
  from space 109056K, 24% used [0x00000000f4880000,0x00000000f6244800,0x00000000fb300000)
  to   space 111104K, 0% used [0x00000000eda00000,0x00000000eda00000,0x00000000f4680000)
 ParOldGen       total 334848K, used 211456K [0x0000000080000000, 0x0000000094700000, 0x00000000d5580000)
  object space 334848K, 63% used [0x0000000080000000,0x000000008ce80070,0x0000000094700000)
 Metaspace       used 122765K, capacity 132336K, committed 132556K, reserved 1165312K
  class space    used 15394K, capacity 17077K, committed 17152K, reserved 1048576K
Event: 33442.146 GC heap after
Heap after GC invocations=113 (full 4):
 PSYoungGen      total 508928K, used 22411K [0x00000000d5580000, 0x00000000fd100000, 0x0000000100000000)
  eden space 397824K, 0% used [0x00000000d5580000,0x00000000d5580000,0x00000000eda00000)
  from space 111104K, 20% used [0x00000000eda00000,0x00000000eefe2e88,0x00000000f4680000)
  to   space 109568K, 0% used [0x00000000f6600000,0x00000000f6600000,0x00000000fd100000)
 ParOldGen       total 334848K, used 211496K [0x0000000080000000, 0x0000000094700000, 0x00000000d5580000)
  object space 334848K, 63% used [0x0000000080000000,0x000000008ce8a070,0x0000000094700000)
 Metaspace       used 122765K, capacity 132336K, committed 132556K, reserved 1165312K
  class space    used 15394K, capacity 17077K, committed 17152K, reserved 1048576K
}
Event: 33461.181 GC heap before
{Heap before GC invocations=114 (full 4):
 PSYoungGen      total 508928K, used 420235K [0x00000000d5580000, 0x00000000fd100000, 0x0000000100000000)
  eden space 397824K, 100% used [0x00000000d5580000,0x00000000eda00000,0x00000000eda00000)
  from space 111104K, 20% used [0x00000000eda00000,0x00000000eefe2e88,0x00000000f4680000)
  to   space 109568K, 0% used [0x00000000f6600000,0x00000000f6600000,0x00000000fd100000)
 ParOldGen       total 334848K, used 211496K [0x0000000080000000, 0x0000000094700000, 0x00000000d5580000)
  object space 334848K, 63% used [0x0000000080000000,0x000000008ce8a070,0x0000000094700000)
 Metaspace       used 122783K, capacity 132342K, committed 132556K, reserved 1165312K
  class space    used 15395K, capacity 17078K, committed 17152K, reserved 1048576K
Event: 33461.192 GC heap after
Heap after GC invocations=114 (full 4):
 PSYoungGen      total 526848K, used 21927K [0x00000000d5580000, 0x00000000fc800000, 0x0000000100000000)
  eden space 426496K, 0% used [0x00000000d5580000,0x00000000d5580000,0x00000000ef600000)
  from space 100352K, 21% used [0x00000000f6600000,0x00000000f7b69f40,0x00000000fc800000)
  to   space 107520K, 0% used [0x00000000ef600000,0x00000000ef600000,0x00000000f5f00000)
 ParOldGen       total 334848K, used 211504K [0x0000000080000000, 0x0000000094700000, 0x00000000d5580000)
  object space 334848K, 63% used [0x0000000080000000,0x000000008ce8c070,0x0000000094700000)
 Metaspace       used 122783K, capacity 132342K, committed 132556K, reserved 1165312K
  class space    used 15395K, capacity 17078K, committed 17152K, reserved 1048576K
}
Event: 33517.068 GC heap before
{Heap before GC invocations=115 (full 4):
 PSYoungGen      total 526848K, used 448423K [0x00000000d5580000, 0x00000000fc800000, 0x0000000100000000)
  eden space 426496K, 100% used [0x00000000d5580000,0x00000000ef600000,0x00000000ef600000)
  from space 100352K, 21% used [0x00000000f6600000,0x00000000f7b69f40,0x00000000fc800000)
  to   space 107520K, 0% used [0x00000000ef600000,0x00000000ef600000,0x00000000f5f00000)
 ParOldGen       total 334848K, used 211504K [0x0000000080000000, 0x0000000094700000, 0x00000000d5580000)
  object space 334848K, 63% used [0x0000000080000000,0x000000008ce8c070,0x0000000094700000)
 Metaspace       used 122815K, capacity 132342K, committed 132556K, reserved 1165312K
  class space    used 15395K, capacity 17078K, committed 17152K, reserved 1048576K
Event: 33517.085 GC heap after
Heap after GC invocations=115 (full 4):
 PSYoungGen      total 534016K, used 14967K [0x00000000d5580000, 0x00000000fdf00000, 0x0000000100000000)
  eden space 426496K, 0% used [0x00000000d5580000,0x00000000d5580000,0x00000000ef600000)
  from space 107520K, 13% used [0x00000000ef600000,0x00000000f049df30,0x00000000f5f00000)
  to   space 106496K, 0% used [0x00000000f7700000,0x00000000f7700000,0x00000000fdf00000)
 ParOldGen       total 334848K, used 211536K [0x0000000080000000, 0x0000000094700000, 0x00000000d5580000)
  object space 334848K, 63% used [0x0000000080000000,0x000000008ce94070,0x0000000094700000)
 Metaspace       used 122815K, capacity 132342K, committed 132556K, reserved 1165312K
  class space    used 15395K, capacity 17078K, committed 17152K, reserved 1048576K
}

